<?xml version="1.0" encoding="UTF-8"?>
<testsuite xmlns:xsi="http://www.w3.org/2001/XMLSchema-instance" xsi:noNamespaceSchemaLocation="https://maven.apache.org/surefire/maven-surefire-plugin/xsd/surefire-test-report.xsd" name="GCTest" time="0.318" tests="32" errors="0" skipped="0" failures="0">
  <properties>
[...]
</properties>
  <testcase name="totalWinningsIncreasing" classname="GCTest" time="0.046"/>
  <testcase name="constructorTest" classname="GCTest" time="0.001"/>
  <testcase name="payoutZeroForInvalidSpot" classname="GCTest" time="0.004"/>
  <testcase name="getDrawingsSinceStartTest" classname="GCTest" time="0.003"/>
  <testcase name="autoQuickPickTest" classname="GCTest" time="0.001"/>
  <testcase name="resetAllTest" classname="GCTest" time="0.002"/>
  <testcase name="matchedNumsSinceStartTest" classname="GCTest" time="0.002"/>
  <testcase name="getMatchedNumsandCount" classname="GCTest" time="0.001"/>
  <testcase name="matchesSinceStartTest" classname="GCTest" time="0.002"/>
  <testcase name="getMatchedNumTest" classname="GCTest" time="0.009"/>
  <testcase name="numSpotsChosenTest" classname="GCTest" time="0.001"/>
  <testcase name="addSpotAndContainsTest" classname="GCTest" time="0.001"/>
  <testcase name="matchedNumStringTest" classname="GCTest" time="0.011"/>
  <testcase name="payoutsReturnRightVals" classname="GCTest" time="0.002"/>
  <testcase name="playDrawingTest" classname="GCTest" time="0.002"/>
  <testcase name="resetClearingEverything" classname="GCTest" time="0.001"/>
  <testcase name="kenoGenerates20UniqueNums" classname="GCTest" time="0.002"/>
  <testcase name="getSelectedNumsTest{int}[1]" classname="GCTest" time="0.053"/>
  <testcase name="getSelectedNumsTest{int}[2]" classname="GCTest" time="0.002"/>
  <testcase name="getSelectedNumsTest{int}[3]" classname="GCTest" time="0.001"/>
  <testcase name="getSelectedNumsTest{int}[4]" classname="GCTest" time="0.001"/>
  <testcase name="getSelectedNumsTest{int}[5]" classname="GCTest" time="0.001"/>
  <testcase name="getSelectedNumsTest{int}[6]" classname="GCTest" time="0.001"/>
  <testcase name="totalAmountWonTest" classname="GCTest" time="0.005"/>
  <testcase name="removeSpotTest" classname="GCTest" time="0.001"/>
  <testcase name="chooseAndGetDrawingsTest" classname="GCTest" time="0.001"/>
  <testcase name="amountWonTest" classname="GCTest" time="0.008"/>
  <testcase name="drawingResConstructorTest" classname="GCTest" time="0.001"/>
  <testcase name="payoutAsStringTest" classname="GCTest" time="0.004"/>
  <testcase name="getMatchedCountTest" classname="GCTest" time="0.002"/>
  <testcase name="chooseAndGetSpotsTest" classname="GCTest" time="0"/>
  <testcase name="clearSelectedSpotsTest" classname="GCTest" time="0.001"/>
</testsuite>